
(ariling)Running: start_machine       	[ exac-time = 0.001 ms ]
(ariling)Running: make_coffee         	[ exac-time = 0.187 ms ]
(ariling)Running: start_machine       	[ exac-time = 0.001 ms ]
(ariling)Running: make_coffee         	[ exac-time = 0.129 ms ]
(ariling)Running: start_machine       	[ exac-time = 0.000 ms ]
(ariling)Running: make_coffee         	[ exac-time = 0.091 ms ]
(ariling)Running: start_machine       	[ exac-time = 0.000 ms ]
(ariling)Running: make_coffee         	[ exac-time = 0.143 ms ]
(ariling)Running: start_machine       	[ exac-time = 0.001 ms ]
(ariling)Running: make_coffee         	[ exac-time = 0.072 ms ]
(ariling)Running: start_machine       	[ exac-time = 0.001 ms ]
(ariling)Running: make_coffee         	[ exac-time = 0.099 ms ]
(ariling)Running: add_water           	[ exac-time = 2.002 s ]
(ariling)Running: start_machine       	[ exac-time = 0.000 ms ]
(ariling)Running: make_coffee         	[ exac-time = 0.000 ms ]
(ariling)Running: start_machine       	[ exac-time = 0.000 ms ]
(ariling)Running: make_coffee         	[ exac-time = 0.000 ms ]
(ariling)Running: start_machine       	[ exac-time = 0.000 ms ]
(ariling)Running: make_coffee         	[ exac-time = 0.000 ms ]
(ariling)Running: start_machine       	[ exac-time = 0.000 ms ]
(ariling)Running: make_coffee         	[ exac-time = 0.000 ms ]
(ariling)Running: start_machine       	[ exac-time = 0.000 ms ]
(ariling)Running: make_coffee         	[ exac-time = 0.000 ms ]
(ariling)Running: start_machine       	[ exac-time = 0.000 ms ]
(ariling)Running: make_coffee         	[ exac-time = 0.000 ms ]
(ariling)Running: add_water           	[ exac-time = 0.003 s ]
(ariling)Running: start_machine       	[ exac-time = 0.001 ms ]
(ariling)Running: make_coffee         	[ exac-time = 0.166 ms ]
(ariling)Running: start_machine       	[ exac-time = 0.000 ms ]
(ariling)Running: make_coffee         	[ exac-time = 0.100 ms ]
(ariling)Running: start_machine       	[ exac-time = 0.001 ms ]
(ariling)Running: make_coffee         	[ exac-time = 0.087 ms ]
(ariling)Running: start_machine       	[ exac-time = 0.000 ms ]
(ariling)Running: make_coffee         	[ exac-time = 0.066 ms ]
(ariling)Running: start_machine       	[ exac-time = 0.000 ms ]
(ariling)Running: make_coffee         	[ exac-time = 0.098 ms ]
(ariling)Running: start_machine       	[ exac-time = 0.000 ms ]
(ariling)Running: make_coffee         	[ exac-time = 0.032 ms ]
(ariling)Running: add_water           	[ exac-time = 0.005 s ]
(ariling)Running: start_machine       	[ exac-time = 0.000 ms ]
(ariling)Running: boil_water          	[ exac-time = 0.003 ms ]
(ariling)Running: make_coffee         	[ exac-time = 2.004 s ]
(ariling)Running: start_machine       	[ exac-time = 0.003 ms ]
(ariling)Running: boil_water          	[ exac-time = 0.002 ms ]
(ariling)Running: make_coffee         	[ exac-time = 2.004 s ]
(ariling)Running: start_machine       	[ exac-time = 0.001 ms ]
(ariling)Running: boil_water          	[ exac-time = 0.003 ms ]
(ariling)Running: make_coffee         	[ exac-time = 2.004 s ]
(ariling)Running: start_machine       	[ exac-time = 0.001 ms ]
(ariling)Running: boil_water          	[ exac-time = 0.002 ms ]
(ariling)Running: make_coffee         	[ exac-time = 2.004 s ]
(ariling)Running: start_machine       	[ exac-time = 0.036 ms ]
(ariling)Running: make_coffee         	[ exac-time = 0.104 ms ]
(ariling)Running: start_machine       	[ exac-time = 0.023 ms ]
(ariling)Running: make_coffee         	[ exac-time = 0.059 ms ]
(ariling)Running: add_water           	[ exac-time = 2.002 s ]
